<?xml version="1.0" encoding="UTF-8"?>
<coverage generated="1637760043885" clover="3.2.0">
  <project timestamp="1637760043885" name="All files">
    <metrics statements="4" coveredstatements="4" conditionals="1" coveredconditionals="1" methods="1" coveredmethods="1" elements="6" coveredelements="6" complexity="0" loc="4" ncloc="4" packages="1" files="1" classes="1"/>
    <file name="index.tsx" path="/home/ricardo.ruiz/dev/pessoal/parcel-typescript-template/component1-parcel2/src/components/Button/index.tsx">
      <metrics statements="4" coveredstatements="4" conditionals="1" coveredconditionals="1" methods="1" coveredmethods="1"/>
      <line num="1" count="1" type="stmt"/>
      <line num="5" count="1" type="stmt"/>
      <line num="7" count="1" type="cond" truecount="1" falsecount="0"/>
      <line num="9" count="1" type="stmt"/>
    </file>
  </project>
</coverage>
