{"/home/ricardo.ruiz/dev/pessoal/parcel-typescript-template/component1-parcel2/src/components/Button/index.tsx": {"path":"/home/ricardo.ruiz/dev/pessoal/parcel-typescript-template/component1-parcel2/src/components/Button/index.tsx","statementMap":{"0":{"start":{"line":1,"column":0},"end":{"line":1,"column":25}},"1":{"start":{"line":5,"column":0},"end":{"line":5,"column":22}},"2":{"start":{"line":7,"column":45},"end":{"line":14,"column":1}},"3":{"start":{"line":7,"column":77},"end":{"line":7,"column":82}},"4":{"start":{"line":7,"column":87},"end":{"line":7,"column":91}},"5":{"start":{"line":9,"column":2},"end":{"line":13,"column":null}},"6":{"start":{"line":7,"column":13},"end":{"line":7,"column":45}}},"fnMap":{"0":{"name":"(anonymous_2)","decl":{"start":{"line":7,"column":45},"end":{"line":7,"column":46}},"loc":{"start":{"line":7,"column":93},"end":{"line":14,"column":1}}}},"branchMap":{"0":{"loc":{"start":{"line":7,"column":58},"end":{"line":7,"column":77}},"type":"default-arg","locations":[{"start":{"line":7,"column":68},"end":{"line":7,"column":77}}]}},"s":{"0":1,"1":1,"2":1,"3":1,"4":1,"5":1,"6":1},"f":{"0":1},"b":{"0":[1]}}
}
